<?xml version="1.0" encoding="UTF-8"?>
<testsuite xmlns:xsi="http://www.w3.org/2001/XMLSchema-instance" xsi:noNamespaceSchemaLocation="https://maven.apache.org/surefire/maven-surefire-plugin/xsd/surefire-test-report-3.0.xsd" version="3.0" name="TestSuite" time="1.993" tests="1" errors="0" skipped="0" failures="0">
  <properties>
[...]
</properties>
  <testcase name="runScenario[&quot;Verify that user is able to submit order using post api&quot;, &quot;Validating Book APIs&quot;](1)" classname="runner.TestRunner" time="1.574">
    <system-out><![CDATA[
Scenario: Verify that user is able to submit order using post api &amp#27;[90m# src/test/java/features/bookapitest.feature:3&amp#27;[0m
Request method:	POST
Request URI:	https://simple-books-api.glitch.me/orders
Proxy:			<none>
Request params:	<none>
Query params:	<none>
Form params:	<none>
Path params:	<none>
Headers:		Authorization=Bearer 393b887ce0af4a161e589c394b72f520fcfb9d482eb056996ff7441562469776
				Accept=*/*
				Content-Type=application/json
Cookies:		<none>
Multiparts:		<none>
Body:
{
    "bookId": "1",
    "customerName": "John"
}
{
    "created": true,
    "orderId": "ccSq8PRF5XK4Pts6E4YXO"
}
  &amp#27;[32mGiven &amp#27;[0m&amp#27;[32muser add payload to request&amp#27;[0m                               &amp#27;[90m# stepDefinition.testStepDefinition.user_add_payload_to_request()&amp#27;[0m
When
  &amp#27;[32mWhen &amp#27;[0m&amp#27;[32muser calls submitOrder api with post http request&amp#27;[0m          &amp#27;[90m# stepDefinition.testStepDefinition.user_calls_submit_order_api_with_post_http_request()&amp#27;[0m
then
  &amp#27;[32mThen &amp#27;[0m&amp#27;[32mapi call is succesful with status code &amp#27;[0m&amp#27;[32m&amp#27;[1m201&amp#27;[0m                 &amp#27;[90m# stepDefinition.testStepDefinition.api_call_is_succesful_with_status_code(java.lang.Integer)&amp#27;[0m
Then
  &amp#27;[32mAnd &amp#27;[0m&amp#27;[32mStatus in response is OK&amp#27;[0m                                    &amp#27;[90m# stepDefinition.testStepDefinition.status_in_response_is_ok()&amp#27;[0m
]]></system-out>
    <system-err><![CDATA[SLF4J: Failed to load class "org.slf4j.impl.StaticLoggerBinder".
SLF4J: Defaulting to no-operation (NOP) logger implementation
SLF4J: See http://www.slf4j.org/codes.html#StaticLoggerBinder for further details.
]]></system-err>
  </testcase>
</testsuite>